<?xml version="1.0" encoding="UTF-8"?>
<!-- Generated by org.testng.reporters.JUnitReportReporter -->
<testsuite hostname="LAPTOP-MVSTHKIP" failures="0" tests="1" name="APIPractice.GetRequestEx" time="7.689" errors="0" timestamp="14 Oct 2022 04:24:22 GMT" skipped="0">
  <testcase classname="APIPractice.GetRequestEx" name="GetUserData" time="7.689"/>
</testsuite> <!-- APIPractice.GetRequestEx -->
