<?xml version="1.0" encoding="UTF-8"?>
<!-- Generated by org.testng.reporters.JUnitReportReporter -->
<testsuite hostname="LAPTOP-MVSTHKIP" failures="0" tests="1" name="AuthenticationEx.BasicAuthenticationEx1" time="3.819" errors="0" timestamp="15 Sep 2022 06:10:37 GMT" skipped="0">
  <testcase classname="AuthenticationEx.BasicAuthenticationEx1" name="Ex1" time="3.819"/>
</testsuite> <!-- AuthenticationEx.BasicAuthenticationEx1 -->
