<?xml version="1.0" encoding="UTF-8"?>
<!-- Generated by org.testng.reporters.JUnitReportReporter -->
<testsuite hostname="LAPTOP-MVSTHKIP" failures="0" tests="1" name="POSTRequestPractice.PostRequestPractice" time="3.283" errors="0" timestamp="14 Sep 2022 06:10:07 GMT" skipped="0">
  <testcase classname="POSTRequestPractice.PostRequestPractice" name="PostRequest" time="3.283"/>
</testsuite> <!-- POSTRequestPractice.PostRequestPractice -->
