<?xml version="1.0" encoding="UTF-8"?>
<!-- Generated by org.testng.reporters.JUnitReportReporter -->
<testsuite hostname="LAPTOP-MVSTHKIP" failures="0" tests="1" name="POSTRequestPractice.RestDummyAPI" time="4.532" errors="0" timestamp="15 Sep 2022 04:45:22 GMT" skipped="0">
  <testcase classname="POSTRequestPractice.RestDummyAPI" name="getListOfEmployees" time="4.532"/>
</testsuite> <!-- POSTRequestPractice.RestDummyAPI -->
