<?xml version="1.0" encoding="UTF-8"?>
<!-- Generated by org.testng.reporters.JUnitReportReporter -->
<testsuite hostname="LAPTOP-MVSTHKIP" failures="0" tests="1" name="RESTAPIGETPOST.GetRequestPracticeEx2" time="5.244" errors="0" timestamp="16 Sep 2022 13:06:45 GMT" skipped="0">
  <testcase classname="RESTAPIGETPOST.GetRequestPracticeEx2" name="GetUserData" time="5.244"/>
</testsuite> <!-- RESTAPIGETPOST.GetRequestPracticeEx2 -->
