<?xml version="1.0" encoding="UTF-8"?>
<!-- Generated by org.testng.reporters.JUnitReportReporter -->
<testsuite hostname="LAPTOP-MVSTHKIP" failures="0" tests="1" name="POSTRequestPractice.PostRequestEx1" time="3.042" errors="0" timestamp="17 Sep 2022 05:37:10 GMT" skipped="0">
  <testcase classname="POSTRequestPractice.PostRequestEx1" name="CreateCustomer" time="3.042"/>
</testsuite> <!-- POSTRequestPractice.PostRequestEx1 -->
